<?xml version="1.0" encoding="UTF-8"?>
<testng-results skipped="0" failed="0" ignored="0" total="2" passed="2">
  <reporter-output>
  </reporter-output>
  <suite name="Default suite" duration-ms="6625" started-at="2019-10-19T06:08:54Z" finished-at="2019-10-19T06:09:01Z">
    <groups>
    </groups>
    <test name="Default test" duration-ms="6625" started-at="2019-10-19T06:08:54Z" finished-at="2019-10-19T06:09:01Z">
      <class name="com.api.tests.APITest">
        <test-method status="PASS" signature="Get()[pri:0, instance:com.api.tests.APITest@28feb3fa]" name="Get" duration-ms="5603" started-at="2019-10-19T06:08:54Z" finished-at="2019-10-19T06:09:00Z">
          <reporter-output>
          </reporter-output>
        </test-method> <!-- Get -->
        <test-method status="PASS" signature="Post()[pri:0, instance:com.api.tests.APITest@28feb3fa]" name="Post" duration-ms="979" started-at="2019-10-19T06:09:00Z" finished-at="2019-10-19T06:09:01Z">
          <reporter-output>
          </reporter-output>
        </test-method> <!-- Post -->
      </class> <!-- com.api.tests.APITest -->
    </test> <!-- Default test -->
  </suite> <!-- Default suite -->
</testng-results>
